This is LuaHBTeX, Version 1.15.0 (TeX Live 2022)  (format=lualatex 2022.12.19)  6 DEC 2023 12:38
 restricted system commands enabled.
**/home/basti/phd/Figs/detector/detector_efficiency.tex
(/home/basti/phd/Figs/detector/detector_efficiency.tex
LaTeX2e <2022-11-01> patch level 1
Lua module: luaotfload 2022-10-03 3.23 Lua based OpenType font support
Lua module: lualibs 2022-10-04 2.75 ConTeXt Lua standard libraries.
Lua module: lualibs-extended 2022-10-04 2.75 ConTeXt Lua libraries -- extended c
ollection.
luaotfload | conf : Root cache directory is "/home/basti/texlive/2022/texmf-var/
luatex-cache/generic/names".
luaotfload | init : Loading fontloader "fontloader-2022-10-03.lua" from kpse-res
olved path "/home/basti/texlive/2022/texmf-dist/tex/luatex/luaotfload/fontloader
-2022-10-03.lua".
Lua-only attribute luaotfload@noligature = 1
luaotfload | init : Context OpenType loader version 3.120
Inserting `luaotfload.node_processor' in `pre_linebreak_filter'.
Inserting `luaotfload.node_processor' in `hpack_filter'.
Inserting `luaotfload.glyph_stream' in `glyph_stream_provider'.
Inserting `luaotfload.define_font' in `define_font'.
Lua-only attribute luaotfload_color_attribute = 2
luaotfload | conf : Root cache directory is "/home/basti/texlive/2022/texmf-var/
luatex-cache/generic/names".
Inserting `luaotfload.harf.strip_prefix' in `find_opentype_file'.
Inserting `luaotfload.harf.strip_prefix' in `find_truetype_file'.
Removing  `luaotfload.glyph_stream' from `glyph_stream_provider'.
Inserting `luaotfload.harf.glyphstream' in `glyph_stream_provider'.
Inserting `luaotfload.harf.finalize_vlist' in `post_linebreak_filter'.
Inserting `luaotfload.harf.finalize_hlist' in `hpack_filter'.
Inserting `luaotfload.cleanup_files' in `wrapup_run'.
Inserting `luaotfload.harf.finalize_unicode' in `finish_pdffile'.
Inserting `luaotfload.glyphinfo' in `glyph_info'.
Lua-only attribute luaotfload.letterspace_done = 3
Inserting `luaotfload.aux.set_sscale_dimens' in `luaotfload.patch_font'.
Inserting `luaotfload.aux.set_font_index' in `luaotfload.patch_font'.
Inserting `luaotfload.aux.patch_cambria_domh' in `luaotfload.patch_font'.
Inserting `luaotfload.aux.fixup_fontdata' in `luaotfload.patch_font_unsafe'.
Inserting `luaotfload.aux.set_capheight' in `luaotfload.patch_font'.
Inserting `luaotfload.aux.set_xheight' in `luaotfload.patch_font'.
Inserting `luaotfload.rewrite_fontname' in `luaotfload.patch_font'. L3 programm
ing layer <2022-12-17>
Inserting `tracingstacklevels' in `input_level_string'.
(/home/basti/texlive/2022/texmf-dist/tex/latex/standalone/standalone.cls
Document Class: standalone 2022/10/10 v1.3b Class to compile TeX sub-files stan
dalone
(/home/basti/texlive/2022/texmf-dist/tex/latex/tools/shellesc.sty
Package: shellesc 2019/11/08 v1.0c unified shell escape interface for LaTeX
Package shellesc Info: Restricted shell escape enabled on input line 77.
)
(/home/basti/texlive/2022/texmf-dist/tex/generic/iftex/ifluatex.sty
Package: ifluatex 2019/10/25 v1.5 ifluatex legacy package. Use iftex instead.

(/home/basti/texlive/2022/texmf-dist/tex/generic/iftex/iftex.sty
Package: iftex 2022/02/03 v1.0f TeX engine tests
))
(/home/basti/texlive/2022/texmf-dist/tex/latex/xkeyval/xkeyval.sty
Package: xkeyval 2022/06/16 v2.9 package option processing (HA)

(/home/basti/texlive/2022/texmf-dist/tex/generic/xkeyval/xkeyval.tex
(/home/basti/texlive/2022/texmf-dist/tex/generic/xkeyval/xkvutils.tex
\XKV@toks=\toks16
\XKV@tempa@toks=\toks17

(/home/basti/texlive/2022/texmf-dist/tex/generic/xkeyval/keyval.tex))
\XKV@depth=\count183
File: xkeyval.tex 2014/12/03 v2.7a key=value parser (HA)
))
\sa@internal=\count184
\c@sapage=\count185

(/home/basti/texlive/2022/texmf-dist/tex/latex/standalone/standalone.cfg
File: standalone.cfg 2022/10/10 v1.3b Default configuration file for 'standalon
e' class
)
(/home/basti/texlive/2022/texmf-dist/tex/latex/base/article.cls
Document Class: article 2022/07/02 v1.4n Standard LaTeX document class
(/home/basti/texlive/2022/texmf-dist/tex/latex/base/size10.clo
File: size10.clo 2022/07/02 v1.4n Standard LaTeX file (size option)
luaotfload | db : Font names database loaded from /home/basti/texlive/2022/texmf
-var/luatex-cache/generic/names/luaotfload-names.luc.gz)
\c@part=\count186
\c@section=\count187
\c@subsection=\count188
\c@subsubsection=\count189
\c@paragraph=\count190
\c@subparagraph=\count191
\c@figure=\count192
\c@table=\count193
\abovecaptionskip=\skip48
\belowcaptionskip=\skip49
\bibindent=\dimen139
)
(/home/basti/texlive/2022/texmf-dist/tex/generic/luatex85/luatex85.sty
Package: luatex85 2016/06/15 v1.4 pdftex aliases for luatex
)
(/home/basti/texlive/2022/texmf-dist/tex/generic/pdftexcmds/pdftexcmds.sty
Package: pdftexcmds 2020-06-27 v0.33 Utility functions of pdfTeX for LuaTeX (HO
)

(/home/basti/texlive/2022/texmf-dist/tex/generic/infwarerr/infwarerr.sty
Package: infwarerr 2019/12/03 v1.5 Providing info/warning/error messages (HO)
)
(/home/basti/texlive/2022/texmf-dist/tex/generic/ltxcmds/ltxcmds.sty
Package: ltxcmds 2020-05-10 v1.25 LaTeX kernel commands for general use (HO)
)
Package pdftexcmds Info: \pdf@primitive is available.
Package pdftexcmds Info: \pdf@ifprimitive is available.
Package pdftexcmds Info: \pdfdraftmode found.
\pdftexcmds@toks=\toks18
)
(/home/basti/texlive/2022/texmf-dist/tex/latex/pgf/frontendlayer/tikz.sty
(/home/basti/texlive/2022/texmf-dist/tex/latex/pgf/basiclayer/pgf.sty
(/home/basti/texlive/2022/texmf-dist/tex/latex/pgf/utilities/pgfrcs.sty
(/home/basti/texlive/2022/texmf-dist/tex/generic/pgf/utilities/pgfutil-common.t
ex
\pgfutil@everybye=\toks19
\pgfutil@tempdima=\dimen140
\pgfutil@tempdimb=\dimen141

(/home/basti/texlive/2022/texmf-dist/tex/generic/pgf/utilities/pgfutil-common-l
ists.tex))
(/home/basti/texlive/2022/texmf-dist/tex/generic/pgf/utilities/pgfutil-latex.de
f
\pgfutil@abb=\box51
)
(/home/basti/texlive/2022/texmf-dist/tex/generic/pgf/utilities/pgfrcs.code.tex
(/home/basti/texlive/2022/texmf-dist/tex/generic/pgf/pgf.revision.tex)
Package: pgfrcs 2021/05/15 v3.1.9a (3.1.9a)
))
Package: pgf 2021/05/15 v3.1.9a (3.1.9a)

(/home/basti/texlive/2022/texmf-dist/tex/latex/pgf/basiclayer/pgfcore.sty
(/home/basti/texlive/2022/texmf-dist/tex/latex/graphics/graphicx.sty
Package: graphicx 2021/09/16 v1.2d Enhanced LaTeX Graphics (DPC,SPQR)

(/home/basti/texlive/2022/texmf-dist/tex/latex/graphics/graphics.sty
Package: graphics 2022/03/10 v1.4e Standard LaTeX Graphics (DPC,SPQR)

(/home/basti/texlive/2022/texmf-dist/tex/latex/graphics/trig.sty
Package: trig 2021/08/11 v1.11 sin cos tan (DPC)
)
(/home/basti/texlive/2022/texmf-dist/tex/latex/graphics-cfg/graphics.cfg
File: graphics.cfg 2016/06/04 v1.11 sample graphics configuration
)
Package graphics Info: Driver file: luatex.def on input line 107.

(/home/basti/texlive/2022/texmf-dist/tex/latex/graphics-def/luatex.def
File: luatex.def 2022/09/22 v1.2d Graphics/color driver for luatex
))
\Gin@req@height=\dimen142
\Gin@req@width=\dimen143
)
(/home/basti/texlive/2022/texmf-dist/tex/latex/pgf/systemlayer/pgfsys.sty
(/home/basti/texlive/2022/texmf-dist/tex/generic/pgf/systemlayer/pgfsys.code.te
x
Package: pgfsys 2021/05/15 v3.1.9a (3.1.9a)

(/home/basti/texlive/2022/texmf-dist/tex/generic/pgf/utilities/pgfkeys.code.tex
\pgfkeys@pathtoks=\toks20
\pgfkeys@temptoks=\toks21

(/home/basti/texlive/2022/texmf-dist/tex/generic/pgf/utilities/pgfkeysfiltered.
code.tex
\pgfkeys@tmptoks=\toks22
))
\pgf@x=\dimen144
\pgf@y=\dimen145
\pgf@xa=\dimen146
\pgf@ya=\dimen147
\pgf@xb=\dimen148
\pgf@yb=\dimen149
\pgf@xc=\dimen150
\pgf@yc=\dimen151
\pgf@xd=\dimen152
\pgf@yd=\dimen153
\w@pgf@writea=\write3
\r@pgf@reada=\read2
\c@pgf@counta=\count194
\c@pgf@countb=\count195
\c@pgf@countc=\count196
\c@pgf@countd=\count197
\t@pgf@toka=\toks23
\t@pgf@tokb=\toks24
\t@pgf@tokc=\toks25
\pgf@sys@id@count=\count198

(/home/basti/texlive/2022/texmf-dist/tex/generic/pgf/systemlayer/pgf.cfg
File: pgf.cfg 2021/05/15 v3.1.9a (3.1.9a)
)
Driver file for pgf: pgfsys-luatex.def

(/home/basti/texlive/2022/texmf-dist/tex/generic/pgf/systemlayer/pgfsys-luatex.
def
File: pgfsys-luatex.def 2021/05/15 v3.1.9a (3.1.9a)

(/home/basti/texlive/2022/texmf-dist/tex/generic/pgf/systemlayer/pgfsys-common-
pdf.def
File: pgfsys-common-pdf.def 2021/05/15 v3.1.9a (3.1.9a)
)))
(/home/basti/texlive/2022/texmf-dist/tex/generic/pgf/systemlayer/pgfsyssoftpath
.code.tex
File: pgfsyssoftpath.code.tex 2021/05/15 v3.1.9a (3.1.9a)
\pgfsyssoftpath@smallbuffer@items=\count199
\pgfsyssoftpath@bigbuffer@items=\count266
)
(/home/basti/texlive/2022/texmf-dist/tex/generic/pgf/systemlayer/pgfsysprotocol
.code.tex
File: pgfsysprotocol.code.tex 2021/05/15 v3.1.9a (3.1.9a)
)) (/home/basti/texlive/2022/texmf-dist/tex/latex/xcolor/xcolor.sty
Package: xcolor 2022/06/12 v2.14 LaTeX color extensions (UK)

(/home/basti/texlive/2022/texmf-dist/tex/latex/graphics-cfg/color.cfg
File: color.cfg 2016/01/02 v1.6 sample color configuration
)
Package xcolor Info: Driver file: luatex.def on input line 227.

(/home/basti/texlive/2022/texmf-dist/tex/latex/graphics/mathcolor.ltx)
Package xcolor Info: Model `cmy' substituted by `cmy0' on input line 1353.
Package xcolor Info: Model `hsb' substituted by `rgb' on input line 1357.
Package xcolor Info: Model `RGB' extended on input line 1369.
Package xcolor Info: Model `HTML' substituted by `rgb' on input line 1371.
Package xcolor Info: Model `Hsb' substituted by `hsb' on input line 1372.
Package xcolor Info: Model `tHsb' substituted by `hsb' on input line 1373.
Package xcolor Info: Model `HSB' substituted by `hsb' on input line 1374.
Package xcolor Info: Model `Gray' substituted by `gray' on input line 1375.
Package xcolor Info: Model `wave' substituted by `hsb' on input line 1376.
)
(/home/basti/texlive/2022/texmf-dist/tex/generic/pgf/basiclayer/pgfcore.code.te
x
Package: pgfcore 2021/05/15 v3.1.9a (3.1.9a)
 (/home/basti/texlive/2022/texmf-dist/tex/generic/pgf/math/pgfmath.code.tex
(/home/basti/texlive/2022/texmf-dist/tex/generic/pgf/math/pgfmathcalc.code.tex
(/home/basti/texlive/2022/texmf-dist/tex/generic/pgf/math/pgfmathutil.code.tex)
(/home/basti/texlive/2022/texmf-dist/tex/generic/pgf/math/pgfmathparser.code.te
x
\pgfmath@dimen=\dimen154
\pgfmath@count=\count267
\pgfmath@box=\box52
\pgfmath@toks=\toks26
\pgfmath@stack@operand=\toks27
\pgfmath@stack@operation=\toks28
)
(/home/basti/texlive/2022/texmf-dist/tex/generic/pgf/math/pgfmathfunctions.code
.tex
(/home/basti/texlive/2022/texmf-dist/tex/generic/pgf/math/pgfmathfunctions.basi
c.code.tex)
(/home/basti/texlive/2022/texmf-dist/tex/generic/pgf/math/pgfmathfunctions.trig
onometric.code.tex)
(/home/basti/texlive/2022/texmf-dist/tex/generic/pgf/math/pgfmathfunctions.rand
om.code.tex)
(/home/basti/texlive/2022/texmf-dist/tex/generic/pgf/math/pgfmathfunctions.comp
arison.code.tex)
(/home/basti/texlive/2022/texmf-dist/tex/generic/pgf/math/pgfmathfunctions.base
.code.tex)
(/home/basti/texlive/2022/texmf-dist/tex/generic/pgf/math/pgfmathfunctions.roun
d.code.tex)
(/home/basti/texlive/2022/texmf-dist/tex/generic/pgf/math/pgfmathfunctions.misc
.code.tex)
(/home/basti/texlive/2022/texmf-dist/tex/generic/pgf/math/pgfmathfunctions.inte
gerarithmetics.code.tex)))
(/home/basti/texlive/2022/texmf-dist/tex/generic/pgf/math/pgfmathfloat.code.tex
\c@pgfmathroundto@lastzeros=\count268
)) (/home/basti/texlive/2022/texmf-dist/tex/generic/pgf/math/pgfint.code.tex)
(/home/basti/texlive/2022/texmf-dist/tex/generic/pgf/basiclayer/pgfcorepoints.c
ode.tex
File: pgfcorepoints.code.tex 2021/05/15 v3.1.9a (3.1.9a)
\pgf@picminx=\dimen155
\pgf@picmaxx=\dimen156
\pgf@picminy=\dimen157
\pgf@picmaxy=\dimen158
\pgf@pathminx=\dimen159
\pgf@pathmaxx=\dimen160
\pgf@pathminy=\dimen161
\pgf@pathmaxy=\dimen162
\pgf@xx=\dimen163
\pgf@xy=\dimen164
\pgf@yx=\dimen165
\pgf@yy=\dimen166
\pgf@zx=\dimen167
\pgf@zy=\dimen168
)
(/home/basti/texlive/2022/texmf-dist/tex/generic/pgf/basiclayer/pgfcorepathcons
truct.code.tex
File: pgfcorepathconstruct.code.tex 2021/05/15 v3.1.9a (3.1.9a)
\pgf@path@lastx=\dimen169
\pgf@path@lasty=\dimen170
)
(/home/basti/texlive/2022/texmf-dist/tex/generic/pgf/basiclayer/pgfcorepathusag
e.code.tex
File: pgfcorepathusage.code.tex 2021/05/15 v3.1.9a (3.1.9a)
\pgf@shorten@end@additional=\dimen171
\pgf@shorten@start@additional=\dimen172
)
(/home/basti/texlive/2022/texmf-dist/tex/generic/pgf/basiclayer/pgfcorescopes.c
ode.tex
File: pgfcorescopes.code.tex 2021/05/15 v3.1.9a (3.1.9a)
\pgfpic=\box53
\pgf@hbox=\box54
\pgf@layerbox@main=\box55
\pgf@picture@serial@count=\count269
)
(/home/basti/texlive/2022/texmf-dist/tex/generic/pgf/basiclayer/pgfcoregraphics
tate.code.tex
File: pgfcoregraphicstate.code.tex 2021/05/15 v3.1.9a (3.1.9a)
\pgflinewidth=\dimen173
)
(/home/basti/texlive/2022/texmf-dist/tex/generic/pgf/basiclayer/pgfcoretransfor
mations.code.tex
File: pgfcoretransformations.code.tex 2021/05/15 v3.1.9a (3.1.9a)
\pgf@pt@x=\dimen174
\pgf@pt@y=\dimen175
\pgf@pt@temp=\dimen176
)
(/home/basti/texlive/2022/texmf-dist/tex/generic/pgf/basiclayer/pgfcorequick.co
de.tex
File: pgfcorequick.code.tex 2021/05/15 v3.1.9a (3.1.9a)
)
(/home/basti/texlive/2022/texmf-dist/tex/generic/pgf/basiclayer/pgfcoreobjects.
code.tex
File: pgfcoreobjects.code.tex 2021/05/15 v3.1.9a (3.1.9a)
)
(/home/basti/texlive/2022/texmf-dist/tex/generic/pgf/basiclayer/pgfcorepathproc
essing.code.tex
File: pgfcorepathprocessing.code.tex 2021/05/15 v3.1.9a (3.1.9a)
)
(/home/basti/texlive/2022/texmf-dist/tex/generic/pgf/basiclayer/pgfcorearrows.c
ode.tex
File: pgfcorearrows.code.tex 2021/05/15 v3.1.9a (3.1.9a)
\pgfarrowsep=\dimen177
)
(/home/basti/texlive/2022/texmf-dist/tex/generic/pgf/basiclayer/pgfcoreshade.co
de.tex
File: pgfcoreshade.code.tex 2021/05/15 v3.1.9a (3.1.9a)
\pgf@max=\dimen178
\pgf@sys@shading@range@num=\count270
\pgf@shadingcount=\count271
)
(/home/basti/texlive/2022/texmf-dist/tex/generic/pgf/basiclayer/pgfcoreimage.co
de.tex
File: pgfcoreimage.code.tex 2021/05/15 v3.1.9a (3.1.9a)

(/home/basti/texlive/2022/texmf-dist/tex/generic/pgf/basiclayer/pgfcoreexternal
.code.tex
File: pgfcoreexternal.code.tex 2021/05/15 v3.1.9a (3.1.9a)
\pgfexternal@startupbox=\box56
))
(/home/basti/texlive/2022/texmf-dist/tex/generic/pgf/basiclayer/pgfcorelayers.c
ode.tex
File: pgfcorelayers.code.tex 2021/05/15 v3.1.9a (3.1.9a)
)
(/home/basti/texlive/2022/texmf-dist/tex/generic/pgf/basiclayer/pgfcoretranspar
ency.code.tex
File: pgfcoretransparency.code.tex 2021/05/15 v3.1.9a (3.1.9a)
)
(/home/basti/texlive/2022/texmf-dist/tex/generic/pgf/basiclayer/pgfcorepatterns
.code.tex
File: pgfcorepatterns.code.tex 2021/05/15 v3.1.9a (3.1.9a)
)
(/home/basti/texlive/2022/texmf-dist/tex/generic/pgf/basiclayer/pgfcorerdf.code
.tex
File: pgfcorerdf.code.tex 2021/05/15 v3.1.9a (3.1.9a)
)))
(/home/basti/texlive/2022/texmf-dist/tex/generic/pgf/modules/pgfmoduleshapes.co
de.tex
File: pgfmoduleshapes.code.tex 2021/05/15 v3.1.9a (3.1.9a)
\pgfnodeparttextbox=\box57
)
(/home/basti/texlive/2022/texmf-dist/tex/generic/pgf/modules/pgfmoduleplot.code
.tex
File: pgfmoduleplot.code.tex 2021/05/15 v3.1.9a (3.1.9a)
)
(/home/basti/texlive/2022/texmf-dist/tex/latex/pgf/compatibility/pgfcomp-versio
n-0-65.sty
Package: pgfcomp-version-0-65 2021/05/15 v3.1.9a (3.1.9a)
\pgf@nodesepstart=\dimen179
\pgf@nodesepend=\dimen180
)
(/home/basti/texlive/2022/texmf-dist/tex/latex/pgf/compatibility/pgfcomp-versio
n-1-18.sty
Package: pgfcomp-version-1-18 2021/05/15 v3.1.9a (3.1.9a)
))
(/home/basti/texlive/2022/texmf-dist/tex/latex/pgf/utilities/pgffor.sty
(/home/basti/texlive/2022/texmf-dist/tex/latex/pgf/utilities/pgfkeys.sty
(/home/basti/texlive/2022/texmf-dist/tex/generic/pgf/utilities/pgfkeys.code.tex
)) (/home/basti/texlive/2022/texmf-dist/tex/latex/pgf/math/pgfmath.sty
(/home/basti/texlive/2022/texmf-dist/tex/generic/pgf/math/pgfmath.code.tex))
(/home/basti/texlive/2022/texmf-dist/tex/generic/pgf/utilities/pgffor.code.tex
Package: pgffor 2021/05/15 v3.1.9a (3.1.9a)

(/home/basti/texlive/2022/texmf-dist/tex/generic/pgf/math/pgfmath.code.tex)
\pgffor@iter=\dimen181
\pgffor@skip=\dimen182
\pgffor@stack=\toks29
\pgffor@toks=\toks30
))
(/home/basti/texlive/2022/texmf-dist/tex/generic/pgf/frontendlayer/tikz/tikz.co
de.tex
Package: tikz 2021/05/15 v3.1.9a (3.1.9a)

(/home/basti/texlive/2022/texmf-dist/tex/generic/pgf/libraries/pgflibraryplotha
ndlers.code.tex
File: pgflibraryplothandlers.code.tex 2021/05/15 v3.1.9a (3.1.9a)
\pgf@plot@mark@count=\count272
\pgfplotmarksize=\dimen183
)
\tikz@lastx=\dimen184
\tikz@lasty=\dimen185
\tikz@lastxsaved=\dimen186
\tikz@lastysaved=\dimen187
\tikz@lastmovetox=\dimen188
\tikz@lastmovetoy=\dimen189
\tikzleveldistance=\dimen190
\tikzsiblingdistance=\dimen191
\tikz@figbox=\box58
\tikz@figbox@bg=\box59
\tikz@tempbox=\box60
\tikz@tempbox@bg=\box61
\tikztreelevel=\count273
\tikznumberofchildren=\count274
\tikznumberofcurrentchild=\count275
\tikz@fig@count=\count276

(/home/basti/texlive/2022/texmf-dist/tex/generic/pgf/modules/pgfmodulematrix.co
de.tex
File: pgfmodulematrix.code.tex 2021/05/15 v3.1.9a (3.1.9a)
\pgfmatrixcurrentrow=\count277
\pgfmatrixcurrentcolumn=\count278
\pgf@matrix@numberofcolumns=\count279
)
\tikz@expandcount=\count280

(/home/basti/texlive/2022/texmf-dist/tex/generic/pgf/frontendlayer/tikz/librari
es/tikzlibrarytopaths.code.tex
File: tikzlibrarytopaths.code.tex 2021/05/15 v3.1.9a (3.1.9a)
)))
\sa@box=\box62
)
(/home/basti/texlive/2022/texmf-dist/tex/latex/base/inputenc.sty
Package: inputenc 2021/02/14 v1.3d Input encoding file
\inpenc@prehook=\toks31
\inpenc@posthook=\toks32


Package inputenc Warning: inputenc package ignored with utf8 based engines.

) (/home/basti/texlive/2022/texmf-dist/tex/latex/unicode-math/unicode-math.sty
(/home/basti/texlive/2022/texmf-dist/tex/latex/l3kernel/expl3.sty
Package: expl3 2022-12-17 L3 programming layer (loader) 

(/home/basti/texlive/2022/texmf-dist/tex/latex/l3backend/l3backend-luatex.def
File: l3backend-luatex.def 2022-10-26 L3 backend support: PDF output (LuaTeX)
\l__color_backend_stack_int=\count281
\l__pdf_internal_box=\box63
))
Package: unicode-math 2020/01/31 v0.8q Unicode maths in XeLaTeX and LuaLaTeX

(/home/basti/texlive/2022/texmf-dist/tex/latex/unicode-math/unicode-math-luatex
.sty
Package: unicode-math-luatex 2020/01/31 v0.8q Unicode maths in XeLaTeX and LuaL
aTeX

(/home/basti/texlive/2022/texmf-dist/tex/latex/l3packages/xparse/xparse.sty
Package: xparse 2022-12-17 L3 Experimental document command parser
)
(/home/basti/texlive/2022/texmf-dist/tex/latex/l3packages/l3keys2e/l3keys2e.sty
Package: l3keys2e 2022-12-17 LaTeX2e option processing using LaTeX3 keys
) (/home/basti/texlive/2022/texmf-dist/tex/latex/fontspec/fontspec.sty
Package: fontspec 2022/01/15 v2.8a Font selection for XeLaTeX and LuaLaTeX
Lua module: fontspec 2022/01/15 2.8a Font selection for XeLaTeX and LuaLaTeX
(/home/basti/texlive/2022/texmf-dist/tex/latex/fontspec/fontspec-luatex.sty
Package: fontspec-luatex 2022/01/15 v2.8a Font selection for XeLaTeX and LuaLaT
eX
\l__fontspec_script_int=\count282
\l__fontspec_language_int=\count283
\l__fontspec_strnum_int=\count284
\l__fontspec_tmp_int=\count285
\l__fontspec_tmpa_int=\count286
\l__fontspec_tmpb_int=\count287
\l__fontspec_tmpc_int=\count288
\l__fontspec_em_int=\count289
\l__fontspec_emdef_int=\count290
\l__fontspec_strong_int=\count291
\l__fontspec_strongdef_int=\count292
\l__fontspec_tmpa_dim=\dimen192
\l__fontspec_tmpb_dim=\dimen193
\l__fontspec_tmpc_dim=\dimen194

(/home/basti/texlive/2022/texmf-dist/tex/latex/base/fontenc.sty
Package: fontenc 2021/04/29 v2.0v Standard LaTeX package
)
(/home/basti/texlive/2022/texmf-dist/tex/latex/fontspec/fontspec.cfg)))
(/home/basti/texlive/2022/texmf-dist/tex/latex/base/fix-cm.sty
Package: fix-cm 2020/11/24 v1.1t fixes to LaTeX

(/home/basti/texlive/2022/texmf-dist/tex/latex/base/ts1enc.def
File: ts1enc.def 2001/06/05 v3.0e (jk/car/fm) Standard LaTeX file
LaTeX Font Info:    Redeclaring font encoding TS1 on input line 47.
))
(/home/basti/texlive/2022/texmf-dist/tex/latex/amsmath/amsmath.sty
Package: amsmath 2022/04/08 v2.17n AMS math features
\@mathmargin=\skip50

For additional information on amsmath, use the `?' option.
(/home/basti/texlive/2022/texmf-dist/tex/latex/amsmath/amstext.sty
Package: amstext 2021/08/26 v2.01 AMS text

(/home/basti/texlive/2022/texmf-dist/tex/latex/amsmath/amsgen.sty
File: amsgen.sty 1999/11/30 v2.0 generic functions
\@emptytoks=\toks33
\ex@=\dimen195
))
(/home/basti/texlive/2022/texmf-dist/tex/latex/amsmath/amsbsy.sty
Package: amsbsy 1999/11/29 v1.2d Bold Symbols
\pmbraise@=\dimen196
)
(/home/basti/texlive/2022/texmf-dist/tex/latex/amsmath/amsopn.sty
Package: amsopn 2022/04/08 v2.04 operator names
)
\inf@bad=\count293
LaTeX Info: Redefining \frac on input line 236.
\uproot@=\count294
\leftroot@=\count295
LaTeX Info: Redefining \overline on input line 399.
LaTeX Info: Redefining \colon on input line 410.
\classnum@=\count296
\DOTSCASE@=\count297
LaTeX Info: Redefining \ldots on input line 496.
LaTeX Info: Redefining \dots on input line 499.
LaTeX Info: Redefining \cdots on input line 620.
\Mathstrutbox@=\box64
\strutbox@=\box65
LaTeX Info: Redefining \big on input line 722.
LaTeX Info: Redefining \Big on input line 723.
LaTeX Info: Redefining \bigg on input line 724.
LaTeX Info: Redefining \Bigg on input line 725.
\big@size=\dimen197
LaTeX Font Info:    Redeclaring font encoding OML on input line 743.
LaTeX Font Info:    Redeclaring font encoding OMS on input line 744.
\macc@depth=\count298
LaTeX Info: Redefining \bmod on input line 905.
LaTeX Info: Redefining \pmod on input line 910.
LaTeX Info: Redefining \smash on input line 940.
LaTeX Info: Redefining \relbar on input line 970.
LaTeX Info: Redefining \Relbar on input line 971.
\c@MaxMatrixCols=\count299
\dotsspace@=\muskip16
\c@parentequation=\count300
\dspbrk@lvl=\count301
\tag@help=\toks34
\row@=\count302
\column@=\count303
\maxfields@=\count304
\andhelp@=\toks35
\eqnshift@=\dimen198
\alignsep@=\dimen199
\tagshift@=\dimen256
\tagwidth@=\dimen257
\totwidth@=\dimen258
\lineht@=\dimen259
\@envbody=\toks36
\multlinegap=\skip51
\multlinetaggap=\skip52
\mathdisplay@stack=\toks37
LaTeX Info: Redefining \[ on input line 2953.
LaTeX Info: Redefining \] on input line 2954.
)
(/home/basti/texlive/2022/texmf-dist/tex/lualatex/lualatex-math/lualatex-math.s
ty
Package: lualatex-math 2022/01/01 v1.12 Patches for mathematics typesetting wit
h LuaLaTeX
 (/home/basti/texlive/2022/texmf-dist/tex/latex/etoolbox/etoolbox.sty
Package: etoolbox 2020/10/05 v2.5k e-TeX tools for LaTeX (JAW)
\etb@tempcnta=\count305
)
Lua module: lualatex-math 2013/08/03 1.3 Patches for mathematics typesetting wit
h LuaLaTeX)
\g__um_fam_int=\count306
\g__um_fonts_used_int=\count307
\l__um_primecount_int=\count308
\g__um_primekern_muskip=\muskip17

(/home/basti/texlive/2022/texmf-dist/tex/latex/unicode-math/unicode-math-table.
tex))) (/home/basti/texlive/2022/texmf-dist/tex/latex/siunitx/siunitx.sty
Package: siunitx 2022-12-05 v3.1.11 A comprehensive (SI) units package
\l__siunitx_angle_tmp_dim=\dimen260
\l__siunitx_angle_marker_box=\box66
\l__siunitx_angle_unit_box=\box67
\l__siunitx_compound_count_int=\count309

(/home/basti/texlive/2022/texmf-dist/tex/latex/translations/translations.sty
Package: translations 2022/02/05 v1.12 internationalization of LaTeX2e packages
 (CN)
)
\l__siunitx_number_exponent_fixed_int=\count310
\l__siunitx_number_min_decimal_int=\count311
\l__siunitx_number_min_integer_int=\count312
\l__siunitx_number_round_precision_int=\count313
\l__siunitx_number_group_first_int=\count314
\l__siunitx_number_group_size_int=\count315
\l__siunitx_number_group_minimum_int=\count316
\l__siunitx_table_tmp_box=\box68
\l__siunitx_table_tmp_dim=\dimen261
\l__siunitx_table_column_width_dim=\dimen262
\l__siunitx_table_integer_box=\box69
\l__siunitx_table_decimal_box=\box70
\l__siunitx_table_before_box=\box71
\l__siunitx_table_after_box=\box72
\l__siunitx_table_before_dim=\dimen263
\l__siunitx_table_carry_dim=\dimen264
\l__siunitx_unit_tmp_int=\count317
\l__siunitx_unit_position_int=\count318
\l__siunitx_unit_total_int=\count319

(/home/basti/texlive/2022/texmf-dist/tex/latex/tools/array.sty
Package: array 2022/09/04 v2.5g Tabular extension package (FMi)
\col@sep=\dimen265
\ar@mcellbox=\box73
\extrarowheight=\dimen266
\NC@list=\toks38
\extratabsurround=\skip53
\backup@length=\skip54
\ar@cellbox=\box74
))
(/home/basti/texlive/2022/texmf-dist/tex/latex/booktabs/booktabs.sty
Package: booktabs 2020/01/12 v1.61803398 Publication quality tables
\heavyrulewidth=\dimen267
\lightrulewidth=\dimen268
\cmidrulewidth=\dimen269
\belowrulesep=\dimen270
\belowbottomsep=\dimen271
\aboverulesep=\dimen272
\abovetopsep=\dimen273
\cmidrulesep=\dimen274
\cmidrulekern=\dimen275
\defaultaddspace=\dimen276
\@cmidla=\count320
\@cmidlb=\count321
\@aboverulesep=\dimen277
\@belowrulesep=\dimen278
\@thisruleclass=\count322
\@lastruleclass=\count323
\@thisrulewidth=\dimen279
)
(/home/basti/texlive/2022/texmf-dist/tex/latex/mhchem/mhchem.sty
Package: mhchem 2021/12/31 v4.09 for typesetting chemical formulae

(/home/basti/texlive/2022/texmf-dist/tex/latex/tools/calc.sty
Package: calc 2017/05/25 v4.3 Infix arithmetic (KKT,FJ)
\calc@Acount=\count324
\calc@Bcount=\count325
\calc@Adimen=\dimen280
\calc@Bdimen=\dimen281
\calc@Askip=\skip55
\calc@Bskip=\skip56
LaTeX Info: Redefining \setlength on input line 80.
LaTeX Info: Redefining \addtolength on input line 81.
\calc@Ccount=\count326
\calc@Cskip=\skip57
)
(/home/basti/texlive/2022/texmf-dist/tex/latex/chemgreek/chemgreek.sty
Package: chemgreek 2020/01/16 v1.1a interface for upright Greek letters for use
 in chemistry (CN)
\l__chemgreek_tmpa_int=\count327
\g__chemgreek_tmpa_int=\count328
)
\l__mhchem_ce_distanceFromLastComma_int=\count329
\__mhchem_arrow_extPgfLength_skip=\skip58
\mhchem@minispace@tmp=\skip59
\mhchem@minibackspace@tmp=\skip60
\mhchem@bondwidth=\skip61
\mhchem@bondheight=\skip62
\mhchem@smallbondwidth@tmpA=\skip63
\mhchem@smallbondwidth@tmpB=\skip64
\mhchem@smallbondwidth=\skip65
\mhchem@bondtmp@minussidebearingleft=\skip66
\mhchem@bondtmp@minussidebearingright=\skip67
\l__mhchem_option_version_int=\count330
\mhchem@option@minusmathsidebearingleft=\dimen282
\mhchem@option@minusmathsidebearingright=\dimen283
\mhchem@option@minustextsidebearingleft=\dimen284
\mhchem@option@minustextsidebearingright=\dimen285


Package mhchem Warning: You did not specify a 'version' option for the mhchem
(mhchem)                package. Please write \usepackage[version=4]{mhchem}
(mhchem)                in your preamble (or any lower number for
(mhchem)                compatibility mode), because you might get slightly
(mhchem)                different output with the same input in future versions
.

)
luaotfload | cache : Lookup cache loaded from /home/basti/texlive/2022/texmf-var
/luatex-cache/generic/names/luaotfload-lookup-cache.luc.

Package fontspec Info: Font family 'STIXTwoText(0)' created for font
(fontspec)             'STIXTwoText' with options
(fontspec)             [Ligatures=TeX,RawFeature={fallback=FallbackFonts}].
(fontspec)              
(fontspec)              This font family consists of the following NFSS
(fontspec)             series/shapes:
(fontspec)              
(fontspec)             - 'normal' (m/n) with NFSS spec.:
(fontspec)             <->"STIXTwoText:mode=node;script=latn;language=dflt;+tli
g;fallback=FallbackFonts;"
(fontspec)             - 'small caps'  (m/sc) with NFSS spec.:
(fontspec)             <->"STIXTwoText:mode=node;script=latn;language=dflt;+tli
g;fallback=FallbackFonts;+smcp;"
(fontspec)             - 'bold' (b/n) with NFSS spec.:
(fontspec)             <->"STIXTwoText/B:mode=node;script=latn;language=dflt;+t
lig;fallback=FallbackFonts;"
(fontspec)             - 'bold small caps'  (b/sc) with NFSS spec.:
(fontspec)             <->"STIXTwoText/B:mode=node;script=latn;language=dflt;+t
lig;fallback=FallbackFonts;+smcp;"
(fontspec)             - 'italic' (m/it) with NFSS spec.:
(fontspec)             <->"STIXTwoText/I:mode=node;script=latn;language=dflt;+t
lig;fallback=FallbackFonts;"
(fontspec)             - 'italic small caps'  (m/scit) with NFSS spec.:
(fontspec)             <->"STIXTwoText/I:mode=node;script=latn;language=dflt;+t
lig;fallback=FallbackFonts;+smcp;"
(fontspec)             - 'bold italic' (b/it) with NFSS spec.:
(fontspec)             <->"STIXTwoText/BI:mode=node;script=latn;language=dflt;+
tlig;fallback=FallbackFonts;"
(fontspec)             - 'bold italic small caps'  (b/scit) with NFSS spec.:
(fontspec)             <->"STIXTwoText/BI:mode=node;script=latn;language=dflt;+
tlig;fallback=FallbackFonts;+smcp;"


Package fontspec Info: Font family 'STIXTwoText(1)' created for font
(fontspec)             'STIXTwoText' with options
(fontspec)             [Renderer=Basic,RawFeature={fallback=FallbackFonts}].
(fontspec)              
(fontspec)              This font family consists of the following NFSS
(fontspec)             series/shapes:
(fontspec)              
(fontspec)             - 'normal' (m/n) with NFSS spec.:
(fontspec)             <->"STIXTwoText:mode=base;script=latn;language=dflt;fall
back=FallbackFonts;"
(fontspec)             - 'small caps'  (m/sc) with NFSS spec.:
(fontspec)             <->"STIXTwoText:mode=base;script=latn;language=dflt;fall
back=FallbackFonts;+smcp;"
(fontspec)             - 'bold' (b/n) with NFSS spec.:
(fontspec)             <->"STIXTwoText/B:mode=base;script=latn;language=dflt;fa
llback=FallbackFonts;"
(fontspec)             - 'bold small caps'  (b/sc) with NFSS spec.:
(fontspec)             <->"STIXTwoText/B:mode=base;script=latn;language=dflt;fa
llback=FallbackFonts;+smcp;"
(fontspec)             - 'italic' (m/it) with NFSS spec.:
(fontspec)             <->"STIXTwoText/I:mode=base;script=latn;language=dflt;fa
llback=FallbackFonts;"
(fontspec)             - 'italic small caps'  (m/scit) with NFSS spec.:
(fontspec)             <->"STIXTwoText/I:mode=base;script=latn;language=dflt;fa
llback=FallbackFonts;+smcp;"
(fontspec)             - 'bold italic' (b/it) with NFSS spec.:
(fontspec)             <->"STIXTwoText/BI:mode=base;script=latn;language=dflt;f
allback=FallbackFonts;"
(fontspec)             - 'bold italic small caps'  (b/scit) with NFSS spec.:
(fontspec)             <->"STIXTwoText/BI:mode=base;script=latn;language=dflt;f
allback=FallbackFonts;+smcp;"

LaTeX Font Info:    Overwriting math alphabet `\mathrm' in version `normal'
(Font)                  OT1/cmr/m/n --> TU/STIXTwoText(1)/m/n on input line 26.

LaTeX Font Info:    Overwriting math alphabet `\mathit' in version `normal'
(Font)                  OT1/cmr/m/it --> TU/STIXTwoText(1)/m/it on input line 2
6.
LaTeX Font Info:    Overwriting math alphabet `\mathbf' in version `normal'
(Font)                  OT1/cmr/bx/n --> TU/STIXTwoText(1)/b/n on input line 26
.

Package fontspec Info: Could not resolve font "STIXTwoMath-Regular/B" (it
(fontspec)             probably doesn't exist).


Package fontspec Info: Font family 'STIXTwoMath-Regular(0)' created for font
(fontspec)             'STIXTwoMath-Regular' with options
(fontspec)             [Renderer=Basic,BoldItalicFont={},ItalicFont={},SmallCap
sFont={},Script=Math,FontAdjustment={\__um_luatex_copy_fontdimens:
(fontspec)             },RawFeature={fallback=FallbackFonts}].
(fontspec)              
(fontspec)              This font family consists of the following NFSS
(fontspec)             series/shapes:
(fontspec)              
(fontspec)             - 'normal' (m/n) with NFSS spec.:
(fontspec)             <->"STIXTwoMath-Regular:mode=base;script=math;language=d
flt;fallback=FallbackFonts;"
(fontspec)             - 'small caps'  (m/sc) with NFSS spec.: 
(fontspec)             and font adjustment code:
(fontspec)             \__um_luatex_copy_fontdimens: 


Package fontspec Info: Could not resolve font "STIXTwoMath-Regular/B" (it
(fontspec)             probably doesn't exist).


Package fontspec Info: Font family 'STIXTwoMath-Regular(1)' created for font
(fontspec)             'STIXTwoMath-Regular' with options
(fontspec)             [Renderer=Basic,BoldItalicFont={},ItalicFont={},SmallCap
sFont={},Script=Math,SizeFeatures={{Size=8.5-},{Size=6.25-8.5,Font=STIXTwoMath-
Regular,Style=MathScript},{Size=-6.25,Font=STIXTwoMath-Regular,Style=MathScript
Script}},FontAdjustment={\__um_luatex_copy_fontdimens:
(fontspec)             },RawFeature={fallback=FallbackFonts}].
(fontspec)              
(fontspec)              This font family consists of the following NFSS
(fontspec)             series/shapes:
(fontspec)              
(fontspec)             - 'normal' (m/n) with NFSS spec.:
(fontspec)             <8.5->"STIXTwoMath-Regular:mode=base;script=math;languag
e=dflt;fallback=FallbackFonts;"<6.25-8.5>"STIXTwoMath-Regular:mode=base;script=
math;language=dflt;fallback=FallbackFonts;+ssty=0;"<-6.25>"STIXTwoMath-Regular:
mode=base;script=math;language=dflt;fallback=FallbackFonts;+ssty=1;"
(fontspec)             - 'small caps'  (m/sc) with NFSS spec.: 
(fontspec)             and font adjustment code:
(fontspec)             \__um_luatex_copy_fontdimens: 

LaTeX Font Info:    Encoding `OT1' has changed to `TU' for symbol font
(Font)              `operators' in the math version `normal' on input line 27.
LaTeX Font Info:    Overwriting symbol font `operators' in version `normal'
(Font)                  OT1/cmr/m/n --> TU/STIXTwoMath-Regular(1)/m/n on input 
line 27.
LaTeX Font Info:    Encoding `OT1' has changed to `TU' for symbol font
(Font)              `operators' in the math version `bold' on input line 27.
LaTeX Font Info:    Overwriting symbol font `operators' in version `bold'
(Font)                  OT1/cmr/bx/n --> TU/STIXTwoMath-Regular(1)/b/n on input
 line 27.

Package fontspec Info: STIXTwoMath-Regular scale = 1.0001.


Package fontspec Info: Could not resolve font "STIXTwoMath-Regular/B" (it
(fontspec)             probably doesn't exist).


Package fontspec Info: STIXTwoMath-Regular scale = 1.0001.


Package fontspec Info: STIXTwoMath-Regular scale = 1.0001.


Package fontspec Info: STIXTwoMath-Regular scale = 1.0001.


Package fontspec Info: Font family 'STIXTwoMath-Regular(2)' created for font
(fontspec)             'STIXTwoMath-Regular' with options
(fontspec)             [Renderer=Basic,BoldItalicFont={},ItalicFont={},SmallCap
sFont={},Script=Math,SizeFeatures={{Size=8.5-},{Size=6.25-8.5,Font=STIXTwoMath-
Regular,Style=MathScript},{Size=-6.25,Font=STIXTwoMath-Regular,Style=MathScript
Script}},FontAdjustment={\__um_luatex_copy_fontdimens:
(fontspec)             },RawFeature={fallback=FallbackFonts},ScaleAgain=1.0001,
FontAdjustment={\fontdimen
(fontspec)             8\font =6.4pt\relax \fontdimen 9\font =5.84999pt\relax
(fontspec)             \fontdimen 10\font =4.7pt\relax \fontdimen 11\font
(fontspec)             =6.4pt\relax \fontdimen 12\font =5.84999pt\relax
(fontspec)             \fontdimen 13\font =3.59999pt\relax \fontdimen 14\font
(fontspec)             =3.59999pt\relax \fontdimen 15\font =2.51999pt\relax
(fontspec)             \fontdimen 16\font =2.09999pt\relax \fontdimen 17\font
(fontspec)             =2.09999pt\relax \fontdimen 18\font =2.29999pt\relax
(fontspec)             \fontdimen 19\font =1.59999pt\relax \fontdimen 22\font
(fontspec)             =2.57999pt\relax \fontdimen 20\font =0pt\relax
(fontspec)             \fontdimen 21\font =0pt\relax }].
(fontspec)              
(fontspec)              This font family consists of the following NFSS
(fontspec)             series/shapes:
(fontspec)              
(fontspec)             - 'normal' (m/n) with NFSS spec.:
(fontspec)             <8.5->s*[1.0001]"STIXTwoMath-Regular:mode=base;script=ma
th;language=dflt;fallback=FallbackFonts;"<6.25-8.5>s*[1.0001]"STIXTwoMath-Regul
ar:mode=base;script=math;language=dflt;fallback=FallbackFonts;+ssty=0;"<-6.25>s
*[1.0001]"STIXTwoMath-Regular:mode=base;script=math;language=dflt;fallback=Fall
backFonts;+ssty=1;"
(fontspec)             - 'small caps'  (m/sc) with NFSS spec.: 
(fontspec)             and font adjustment code:
(fontspec)             \__um_luatex_copy_fontdimens: \fontdimen 8\font
(fontspec)             =6.4pt\relax \fontdimen 9\font =5.84999pt\relax
(fontspec)             \fontdimen 10\font =4.7pt\relax \fontdimen 11\font
(fontspec)             =6.4pt\relax \fontdimen 12\font =5.84999pt\relax
(fontspec)             \fontdimen 13\font =3.59999pt\relax \fontdimen 14\font
(fontspec)             =3.59999pt\relax \fontdimen 15\font =2.51999pt\relax
(fontspec)             \fontdimen 16\font =2.09999pt\relax \fontdimen 17\font
(fontspec)             =2.09999pt\relax \fontdimen 18\font =2.29999pt\relax
(fontspec)             \fontdimen 19\font =1.59999pt\relax \fontdimen 22\font
(fontspec)             =2.57999pt\relax \fontdimen 20\font =0pt\relax
(fontspec)             \fontdimen 21\font =0pt\relax 

LaTeX Font Info:    Encoding `OMS' has changed to `TU' for symbol font
(Font)              `symbols' in the math version `normal' on input line 27.
LaTeX Font Info:    Overwriting symbol font `symbols' in version `normal'
(Font)                  OMS/cmsy/m/n --> TU/STIXTwoMath-Regular(2)/m/n on input
 line 27.
LaTeX Font Info:    Encoding `OMS' has changed to `TU' for symbol font
(Font)              `symbols' in the math version `bold' on input line 27.
LaTeX Font Info:    Overwriting symbol font `symbols' in version `bold'
(Font)                  OMS/cmsy/b/n --> TU/STIXTwoMath-Regular(2)/b/n on input
 line 27.

Package fontspec Info: STIXTwoMath-Regular scale = 0.9999.


Package fontspec Info: Could not resolve font "STIXTwoMath-Regular/B" (it
(fontspec)             probably doesn't exist).


Package fontspec Info: STIXTwoMath-Regular scale = 0.9999.


Package fontspec Info: STIXTwoMath-Regular scale = 0.9999.


Package fontspec Info: STIXTwoMath-Regular scale = 0.9999.


Package fontspec Info: Font family 'STIXTwoMath-Regular(3)' created for font
(fontspec)             'STIXTwoMath-Regular' with options
(fontspec)             [Renderer=Basic,BoldItalicFont={},ItalicFont={},SmallCap
sFont={},Script=Math,SizeFeatures={{Size=8.5-},{Size=6.25-8.5,Font=STIXTwoMath-
Regular,Style=MathScript},{Size=-6.25,Font=STIXTwoMath-Regular,Style=MathScript
Script}},FontAdjustment={\__um_luatex_copy_fontdimens:
(fontspec)             },RawFeature={fallback=FallbackFonts},ScaleAgain=0.9999,
FontAdjustment={\fontdimen
(fontspec)             8\font =0.68pt\relax \fontdimen 9\font =1.34999pt\relax
(fontspec)             \fontdimen 10\font =1.34999pt\relax \fontdimen 11\font
(fontspec)             =3.0pt\relax \fontdimen 12\font =6.7pt\relax \fontdimen
(fontspec)             13\font =0pt\relax }].
(fontspec)              
(fontspec)              This font family consists of the following NFSS
(fontspec)             series/shapes:
(fontspec)              
(fontspec)             - 'normal' (m/n) with NFSS spec.:
(fontspec)             <8.5->s*[0.9999]"STIXTwoMath-Regular:mode=base;script=ma
th;language=dflt;fallback=FallbackFonts;"<6.25-8.5>s*[0.9999]"STIXTwoMath-Regul
ar:mode=base;script=math;language=dflt;fallback=FallbackFonts;+ssty=0;"<-6.25>s
*[0.9999]"STIXTwoMath-Regular:mode=base;script=math;language=dflt;fallback=Fall
backFonts;+ssty=1;"
(fontspec)             - 'small caps'  (m/sc) with NFSS spec.: 
(fontspec)             and font adjustment code:
(fontspec)             \__um_luatex_copy_fontdimens: \fontdimen 8\font
(fontspec)             =0.68pt\relax \fontdimen 9\font =1.34999pt\relax
(fontspec)             \fontdimen 10\font =1.34999pt\relax \fontdimen 11\font
(fontspec)             =3.0pt\relax \fontdimen 12\font =6.7pt\relax \fontdimen
(fontspec)             13\font =0pt\relax 

LaTeX Font Info:    Encoding `OMX' has changed to `TU' for symbol font
(Font)              `largesymbols' in the math version `normal' on input line 2
7.
LaTeX Font Info:    Overwriting symbol font `largesymbols' in version `normal'
(Font)                  OMX/cmex/m/n --> TU/STIXTwoMath-Regular(3)/m/n on input
 line 27.
LaTeX Font Info:    Encoding `OMX' has changed to `TU' for symbol font
(Font)              `largesymbols' in the math version `bold' on input line 27.

LaTeX Font Info:    Overwriting symbol font `largesymbols' in version `bold'
(Font)                  OMX/cmex/m/n --> TU/STIXTwoMath-Regular(3)/b/n on input
 line 27.
LaTeX Font Info:    Font shape `TU/STIXTwoMath-Regular(2)/m/n' will be
(Font)              scaled to size 10.00107pt on input line 27.
LaTeX Font Info:    Font shape `TU/STIXTwoMath-Regular(2)/m/n' will be
(Font)              scaled to size 7.00075pt on input line 27.
LaTeX Font Info:    Font shape `TU/STIXTwoMath-Regular(2)/m/n' will be
(Font)              scaled to size 5.50058pt on input line 27.
LaTeX Font Info:    Font shape `TU/STIXTwoMath-Regular(3)/m/n' will be
(Font)              scaled to size 9.99893pt on input line 27.
LaTeX Font Info:    Font shape `TU/STIXTwoMath-Regular(3)/m/n' will be
(Font)              scaled to size 6.99925pt on input line 27.
LaTeX Font Info:    Font shape `TU/STIXTwoMath-Regular(3)/m/n' will be
(Font)              scaled to size 5.4994pt on input line 27.
luaotfload | aux : font no 57 (nil) defines no feature for script latn
luaotfload | aux : font no 57 (nil) defines no feature for script dflt

Package fontspec Info: Could not resolve font "Inconsolata/BI" (it probably
(fontspec)             doesn't exist).


Package fontspec Info: Could not resolve font "Inconsolata/B" (it probably
(fontspec)             doesn't exist).


Package fontspec Info: Could not resolve font "Inconsolata/I" (it probably
(fontspec)             doesn't exist).


Package fontspec Info: Font family 'Inconsolata(0)' created for font
(fontspec)             'Inconsolata' with options
(fontspec)             [WordSpace={1,0,0},HyphenChar=None,PunctuationSpace=Word
Space,RawFeature={fallback=FallbackFonts}].
(fontspec)              
(fontspec)              This font family consists of the following NFSS
(fontspec)             series/shapes:
(fontspec)              
(fontspec)             - 'normal' (m/n) with NFSS spec.:
(fontspec)             <->"Inconsolata:mode=node;language=dflt;fallback=Fallbac
kFonts;"
(fontspec)             - 'small caps'  (m/sc) with NFSS spec.: 
(fontspec)             and font adjustment code:
(fontspec)             \fontdimen 2\font =1\fontdimen 2\font \fontdimen 3\font
(fontspec)             =0\fontdimen 3\font \fontdimen 4\font =0\fontdimen
(fontspec)             4\font \fontdimen 7\font =0\fontdimen 2\font
(fontspec)             \tex_hyphenchar:D \font =-1\scan_stop: 

luaotfload | aux : font no 60 (nil) defines no feature for script latn
luaotfload | aux : font no 60 (nil) defines no feature for script dflt

Package fontspec Info: Could not resolve font "Inconsolata/BI" (it probably
(fontspec)             doesn't exist).


Package fontspec Info: Could not resolve font "Inconsolata/B" (it probably
(fontspec)             doesn't exist).


Package fontspec Info: Could not resolve font "Inconsolata/I" (it probably
(fontspec)             doesn't exist).


Package fontspec Info: Font family 'Inconsolata(1)' created for font
(fontspec)             'Inconsolata' with options
(fontspec)             [Renderer=Basic,RawFeature={fallback=FallbackFonts}].
(fontspec)              
(fontspec)              This font family consists of the following NFSS
(fontspec)             series/shapes:
(fontspec)              
(fontspec)             - 'normal' (m/n) with NFSS spec.:
(fontspec)             <->"Inconsolata:mode=base;language=dflt;fallback=Fallbac
kFonts;"
(fontspec)             - 'small caps'  (m/sc) with NFSS spec.: 

LaTeX Font Info:    Overwriting math alphabet `\mathtt' in version `normal'
(Font)                  OT1/cmtt/m/n --> TU/Inconsolata(1)/m/n on input line 28
.
LaTeX Font Info:    Overwriting math alphabet `\mathtt' in version `bold'
(Font)                  OT1/cmtt/m/n --> TU/Inconsolata(1)/b/n on input line 28
.
Package translations Info: No language package found. I am going to use `englis
h' as default language. on input line 30.
 (/home/basti/phd/Figs/detector/detector_efficiency.aux)
\openout1 = detector_efficiency.aux

LaTeX Font Info:    Checking defaults for OML/cmm/m/it on input line 30.
LaTeX Font Info:    ... okay on input line 30.
LaTeX Font Info:    Checking defaults for OMS/cmsy/m/n on input line 30.
LaTeX Font Info:    ... okay on input line 30.
LaTeX Font Info:    Checking defaults for OT1/cmr/m/n on input line 30.
LaTeX Font Info:    ... okay on input line 30.
LaTeX Font Info:    Checking defaults for T1/cmr/m/n on input line 30.
LaTeX Font Info:    ... okay on input line 30.
LaTeX Font Info:    Checking defaults for TS1/cmr/m/n on input line 30.
LaTeX Font Info:    ... okay on input line 30.
LaTeX Font Info:    Checking defaults for TU/lmr/m/n on input line 30.
LaTeX Font Info:    ... okay on input line 30.
LaTeX Font Info:    Checking defaults for OMX/cmex/m/n on input line 30.
LaTeX Font Info:    ... okay on input line 30.
LaTeX Font Info:    Checking defaults for U/cmr/m/n on input line 30.
LaTeX Font Info:    ... okay on input line 30.

(/home/basti/texlive/2022/texmf-dist/tex/context/base/mkii/supp-pdf.mkii
[Loading MPS to PDF converter (version 2006.09.02).]
\scratchcounter=\count331
\scratchdimen=\dimen286
\scratchbox=\box75
\nofMPsegments=\count332
\nofMParguments=\count333
\everyMPshowfont=\toks39
\MPscratchCnt=\count334
\MPscratchDim=\dimen287
\MPnumerator=\count335
\makeMPintoPDFobject=\count336
\everyMPtoPDFconversion=\toks40
) (/home/basti/texlive/2022/texmf-dist/tex/latex/epstopdf-pkg/epstopdf-base.sty
Package: epstopdf-base 2020-01-24 v2.11 Base part for package epstopdf
Package epstopdf-base Info: Redefining graphics rule for `.eps' on input line 4
85.
(/home/basti/texlive/2022/texmf-dist/tex/latex/latexconfig/epstopdf-sys.cfg
File: epstopdf-sys.cfg 2010/07/13 v1.3 Configuration of (r)epstopdf for TeX Liv
e
))
LaTeX Font Info:    Overwriting math alphabet `\mathsf' in version `normal'
(Font)                  OT1/cmss/m/n --> TU/lmss/m/n on input line 30.
LaTeX Font Info:    Overwriting math alphabet `\mathsf' in version `bold'
(Font)                  OT1/cmss/bx/n --> TU/lmss/b/n on input line 30.

(/home/basti/texlive/2022/texmf-dist/tex/latex/translations/translations-basic-
dictionary-english.trsl
File: translations-basic-dictionary-english.trsl (english translation file `tra
nslations-basic-dictionary')
)
Package translations Info: loading dictionary `translations-basic-dictionary' f
or `english'. on input line 30.

Package chemgreek Info: Activating mapping `fontspec' on line 30.

LaTeX Font Info:    Calculating math sizes for size <14.60129> on input line 44
.
LaTeX Font Info:    Font shape `TU/STIXTwoMath-Regular(2)/m/n' will be
(Font)              scaled to size 14.60284pt on input line 44.
LaTeX Font Info:    Font shape `TU/STIXTwoMath-Regular(2)/m/n' will be
(Font)              scaled to size 10.22194pt on input line 44.
LaTeX Font Info:    Font shape `TU/STIXTwoMath-Regular(2)/m/n' will be
(Font)              scaled to size 7.30142pt on input line 44.
LaTeX Font Info:    Font shape `TU/STIXTwoMath-Regular(3)/m/n' will be
(Font)              scaled to size 14.59972pt on input line 44.
LaTeX Font Info:    Font shape `TU/STIXTwoMath-Regular(3)/m/n' will be
(Font)              scaled to size 10.21976pt on input line 44.
LaTeX Font Info:    Font shape `TU/STIXTwoMath-Regular(3)/m/n' will be
(Font)              scaled to size 7.29985pt on input line 44.
LaTeX Font Info:    Calculating math sizes for size <13.14116> on input line 61
87.
LaTeX Font Info:    Font shape `TU/STIXTwoMath-Regular(2)/m/n' will be
(Font)              scaled to size 13.14255pt on input line 6187.
LaTeX Font Info:    Font shape `TU/STIXTwoMath-Regular(2)/m/n' will be
(Font)              scaled to size 9.19974pt on input line 6187.
LaTeX Font Info:    Font shape `TU/STIXTwoMath-Regular(2)/m/n' will be
(Font)              scaled to size 6.57126pt on input line 6187.
LaTeX Font Info:    Font shape `TU/STIXTwoMath-Regular(3)/m/n' will be
(Font)              scaled to size 13.13976pt on input line 6187.
LaTeX Font Info:    Font shape `TU/STIXTwoMath-Regular(3)/m/n' will be
(Font)              scaled to size 9.19777pt on input line 6187.
LaTeX Font Info:    Font shape `TU/STIXTwoMath-Regular(3)/m/n' will be
(Font)              scaled to size 6.56987pt on input line 6187.
 [1

{/home/basti/texlive/2022/texmf-var/fonts/map/pdftex/updmap/pdftex.map}] (/home
/basti/phd/Figs/detector/detector_efficiency.aux))

Here is how much of LuaTeX's memory you used:
 25554 strings out of 478384
 305207,1977958 words of node,token memory allocated
 510 words of node memory still in use:
   6 hlist, 2 vlist, 2 rule, 2 glue, 4 kern, 1 glyph, 8 attribute, 55 glue_spec,
 8 attribute_list, 2 write nodes
   avail lists: 1:1,2:27313,3:21108,4:26,5:110,6:3,7:20635,8:59,9:966,11:90
 44905 multiletter control sequences out of 65536+600000
 101 fonts using 56615335 bytes
 115i,10n,114p,460b,1039s stack positions out of 10000i,1000n,20000p,200000b,200000s
</usr/share/fonts/stix/static_otf/STIXTwoMath-Regular.otf></usr/share/fonts/stix
/static_otf/STIXTwoText-Regular.otf></usr/share/fonts/stix/static_otf/STIXTwoTex
t-Bold.otf></usr/share/fonts/stix/static_otf/STIXTwoText-Regular.otf>
Output written on detector_efficiency.pdf (1 page, 57220 bytes).

PDF statistics: 41 PDF objects out of 1000 (max. 8388607)
 23 compressed objects within 1 object stream
 0 named destinations out of 1000 (max. 131072)
 16 words of extra memory for PDF output out of 10000 (max. 100000000)

